<?xml version="1.0" encoding="UTF-8"?>
<!-- Generated by org.testng.reporters.JUnitXMLReporter -->
<testsuite hostname="DESKTOP-PV3BTGR" ignored="0" name="Default test" tests="3" failures="0" timestamp="2020-04-01T23:44:18 IST" time="52.62" errors="0">
  <testcase name="testLoginPageTitleTest" time="0.038" classname="com.naukri.qa.testcases.LoginPageTest"/>
  <testcase name="testMonsterImage" time="0.102" classname="com.naukri.qa.testcases.LoginPageTest"/>
  <testcase name="testLoginFunctionality" time="2.183" classname="com.naukri.qa.testcases.LoginPageTest"/>
</testsuite> <!-- Default test -->
