<?xml version="1.0" encoding="UTF-8"?>
<testng-results skipped="0" failed="0" ignored="0" total="3" passed="3">
  <reporter-output>
  </reporter-output>
  <suite name="Monster Test Suite" duration-ms="50806" started-at="2020-04-10T21:35:24 IST" finished-at="2020-04-10T21:36:14 IST">
    <groups>
    </groups>
    <test name="Naukri_TestSuite_Chrome" duration-ms="50806" started-at="2020-04-10T21:35:24 IST" finished-at="2020-04-10T21:36:14 IST">
      <class name="com.naukri.qa.testcases.LoginPageTest">
        <test-method status="PASS" signature="invokeBrowser()[pri:0, instance:com.naukri.qa.testcases.LoginPageTest@6b57696f]" name="invokeBrowser" is-config="true" duration-ms="17271" started-at="2020-04-10T21:35:24 IST" finished-at="2020-04-10T21:35:41 IST">
          <reporter-output>
          </reporter-output>
        </test-method> <!-- invokeBrowser -->
        <test-method status="PASS" signature="testLoginPageTitleTest()[pri:1, instance:com.naukri.qa.testcases.LoginPageTest@6b57696f]" name="testLoginPageTitleTest" duration-ms="30" started-at="2020-04-10T21:35:41 IST" finished-at="2020-04-10T21:35:41 IST">
          <reporter-output>
          </reporter-output>
        </test-method> <!-- testLoginPageTitleTest -->
        <test-method status="PASS" signature="closeDown()[pri:0, instance:com.naukri.qa.testcases.LoginPageTest@6b57696f]" name="closeDown" is-config="true" duration-ms="1596" started-at="2020-04-10T21:35:41 IST" finished-at="2020-04-10T21:35:43 IST">
          <reporter-output>
          </reporter-output>
        </test-method> <!-- closeDown -->
        <test-method status="PASS" signature="invokeBrowser()[pri:0, instance:com.naukri.qa.testcases.LoginPageTest@6b57696f]" name="invokeBrowser" is-config="true" duration-ms="14186" started-at="2020-04-10T21:35:43 IST" finished-at="2020-04-10T21:35:57 IST">
          <reporter-output>
          </reporter-output>
        </test-method> <!-- invokeBrowser -->
        <test-method status="PASS" signature="testMonsterImage()[pri:2, instance:com.naukri.qa.testcases.LoginPageTest@6b57696f]" name="testMonsterImage" duration-ms="85" started-at="2020-04-10T21:35:57 IST" finished-at="2020-04-10T21:35:57 IST">
          <reporter-output>
          </reporter-output>
        </test-method> <!-- testMonsterImage -->
        <test-method status="PASS" signature="closeDown()[pri:0, instance:com.naukri.qa.testcases.LoginPageTest@6b57696f]" name="closeDown" is-config="true" duration-ms="818" started-at="2020-04-10T21:35:57 IST" finished-at="2020-04-10T21:35:58 IST">
          <reporter-output>
          </reporter-output>
        </test-method> <!-- closeDown -->
        <test-method status="PASS" signature="invokeBrowser()[pri:0, instance:com.naukri.qa.testcases.LoginPageTest@6b57696f]" name="invokeBrowser" is-config="true" duration-ms="13418" started-at="2020-04-10T21:35:58 IST" finished-at="2020-04-10T21:36:11 IST">
          <reporter-output>
          </reporter-output>
        </test-method> <!-- invokeBrowser -->
        <test-method status="PASS" signature="testLoginFunctionality()[pri:3, instance:com.naukri.qa.testcases.LoginPageTest@6b57696f]" name="testLoginFunctionality" duration-ms="2127" started-at="2020-04-10T21:36:11 IST" finished-at="2020-04-10T21:36:13 IST">
          <reporter-output>
          </reporter-output>
        </test-method> <!-- testLoginFunctionality -->
        <test-method status="PASS" signature="closeDown()[pri:0, instance:com.naukri.qa.testcases.LoginPageTest@6b57696f]" name="closeDown" is-config="true" duration-ms="1230" started-at="2020-04-10T21:36:13 IST" finished-at="2020-04-10T21:36:14 IST">
          <reporter-output>
          </reporter-output>
        </test-method> <!-- closeDown -->
      </class> <!-- com.naukri.qa.testcases.LoginPageTest -->
    </test> <!-- Naukri_TestSuite_Chrome -->
  </suite> <!-- Monster Test Suite -->
</testng-results>
