<?xml version="1.0" encoding="UTF-8"?>
<!-- Generated by org.testng.reporters.JUnitXMLReporter -->
<testsuite hostname="DESKTOP-PV3BTGR" ignored="0" name="Free CRM App Test Cases" tests="3" failures="0" timestamp="2020-03-28T01:52:01 IST" time="50.966" errors="0">
  <testcase name="testLoginPageTitleTest" time="0.029" classname="com.naukri.qa.testcases.LoginPageTest"/>
  <testcase name="testMonsterImage" time="0.237" classname="com.naukri.qa.testcases.LoginPageTest"/>
  <testcase name="testLoginFunctionality" time="2.428" classname="com.naukri.qa.testcases.LoginPageTest"/>
</testsuite> <!-- Free CRM App Test Cases -->
