<?xml version="1.0" encoding="UTF-8"?>
<!-- Generated by org.testng.reporters.JUnitXMLReporter -->
<testsuite hostname="DESKTOP-PV3BTGR" ignored="0" name="Naukri_TestSuite_FF" tests="9" failures="0" timestamp="2020-03-28T19:54:09 IST" time="99.575" errors="0">
  <testcase name="testLoginPageTitleTest" time="0.008" classname="com.naukri.qa.testcases.LoginPageTest"/>
  <testcase name="testMonsterImage" time="0.06" classname="com.naukri.qa.testcases.LoginPageTest"/>
  <testcase name="testLoginFunctionality" time="2.444" classname="com.naukri.qa.testcases.LoginPageTest"/>
  <testcase name="homePagetitleTest" time="3.85" classname="com.naukri.qa.testcases.HomePageTest"/>
  <testcase name="testuserId" time="1.489" classname="com.naukri.qa.testcases.HomePageTest"/>
  <testcase name="testUserLocation" time="1.313" classname="com.naukri.qa.testcases.HomePageTest"/>
  <testcase name="d" time="1.283" classname="com.naukri.qa.testcases.HomePageTest"/>
  <testcase name="testUserMailId" time="0.687" classname="com.naukri.qa.testcases.HomePageTest"/>
  <testcase name="SignUpPageDataEnterTest" time="4.815" classname="com.naukri.qa.testcases.SignUpPageTest"/>
</testsuite> <!-- Naukri_TestSuite_FF -->
