<?xml version="1.0" encoding="UTF-8"?>
<!-- Generated by org.testng.reporters.JUnitXMLReporter -->
<testsuite hostname="DESKTOP-PV3BTGR" ignored="0" name="Naukri_TestSuite_Chrome" tests="8" failures="0" timestamp="2020-04-02T22:48:18 IST" time="72.432" errors="0">
  <testcase name="testLoginPageTitleTest" time="0.052" classname="com.naukri.qa.testcases.LoginPageTest"/>
  <testcase name="testMonsterImage" time="0.089" classname="com.naukri.qa.testcases.LoginPageTest"/>
  <testcase name="testLoginFunctionality" time="2.256" classname="com.naukri.qa.testcases.LoginPageTest"/>
  <testcase name="homePagetitleTest" time="3.248" classname="com.naukri.qa.testcases.HomePageTest"/>
  <testcase name="testuserId" time="1.172" classname="com.naukri.qa.testcases.HomePageTest"/>
  <testcase name="testUserLocation" time="0.93" classname="com.naukri.qa.testcases.HomePageTest"/>
  <testcase name="d" time="1.176" classname="com.naukri.qa.testcases.HomePageTest"/>
  <testcase name="testUserMailId" time="0.812" classname="com.naukri.qa.testcases.HomePageTest"/>
</testsuite> <!-- Naukri_TestSuite_Chrome -->
