<?xml version="1.0" encoding="UTF-8"?>
<!-- Generated by org.testng.reporters.JUnitXMLReporter -->
<testsuite hostname="DESKTOP-PV3BTGR" ignored="0" name="Naukri FF" tests="8" failures="0" timestamp="2020-03-25T20:22:04 IST" time="0.118" errors="0">
  <testcase name="@BeforeClass invokeBrower" time="-1.585147924348E9" classname="com.naukri.qa.testcases.HomePageTest">
    <failure type="org.testng.TestNGException" message="
Can inject only one of &amp;lt;ITestContext, XmlTest&amp;gt; into a @BeforeClass annotated invokeBrower.
For more information on native dependency injection please refer to http://testng.org/doc/documentation-main.html#native-dependency-injection">
      <![CDATA[org.testng.TestNGException: 
Can inject only one of <ITestContext, XmlTest> into a @BeforeClass annotated invokeBrower.
For more information on native dependency injection please refer to http://testng.org/doc/documentation-main.html#native-dependency-injection
at org.testng.internal.Parameters.checkParameterTypes(Parameters.java:458)
at org.testng.internal.Parameters.createParametersForMethod(Parameters.java:372)
at org.testng.internal.Parameters.createParameters(Parameters.java:729)
at org.testng.internal.Parameters.createConfigurationParameters(Parameters.java:164)
at org.testng.internal.ConfigInvoker.invokeConfigurations(ConfigInvoker.java:275)
at org.testng.internal.TestMethodWorker.invokeBeforeClassMethods(TestMethodWorker.java:176)
at org.testng.internal.TestMethodWorker.run(TestMethodWorker.java:122)
at java.util.ArrayList.forEach(Unknown Source)
at org.testng.TestRunner.privateRun(TestRunner.java:770)
at org.testng.TestRunner.run(TestRunner.java:591)
at org.testng.SuiteRunner.runTest(SuiteRunner.java:402)
at org.testng.SuiteRunner.access$000(SuiteRunner.java:41)
at org.testng.SuiteRunner$SuiteWorker.run(SuiteRunner.java:443)
at org.testng.internal.thread.ThreadUtil.lambda$execute$0(ThreadUtil.java:67)
at java.util.concurrent.FutureTask.run(Unknown Source)
at java.util.concurrent.ThreadPoolExecutor.runWorker(Unknown Source)
at java.util.concurrent.ThreadPoolExecutor$Worker.run(Unknown Source)
at java.lang.Thread.run(Unknown Source)
]]>
    </failure>
  </testcase> <!-- @BeforeClass invokeBrower -->
  <testcase name="@AfterClass closeDown" time="-1.585147924431E9" classname="com.naukri.qa.testcases.HomePageTest">
    <skipped/>
  </testcase> <!-- @AfterClass closeDown -->
  <testcase name="homePagetitleTest" time="0.0" classname="com.naukri.qa.testcases.HomePageTest">
    <skipped/>
  </testcase> <!-- homePagetitleTest -->
  <testcase name="testLoginPageTitleTest" time="0.0" classname="com.naukri.qa.testcases.LoginPageTest">
    <skipped/>
  </testcase> <!-- testLoginPageTitleTest -->
  <testcase name="testuserId" time="0.0" classname="com.naukri.qa.testcases.HomePageTest">
    <skipped/>
  </testcase> <!-- testuserId -->
  <testcase name="testMonsterImage" time="0.0" classname="com.naukri.qa.testcases.LoginPageTest">
    <skipped/>
  </testcase> <!-- testMonsterImage -->
  <testcase name="testUserLocation" time="0.0" classname="com.naukri.qa.testcases.HomePageTest">
    <skipped/>
  </testcase> <!-- testUserLocation -->
  <testcase name="d" time="0.0" classname="com.naukri.qa.testcases.HomePageTest">
    <skipped/>
  </testcase> <!-- d -->
  <testcase name="testLoginFunctionality" time="0.0" classname="com.naukri.qa.testcases.LoginPageTest">
    <skipped/>
  </testcase> <!-- testLoginFunctionality -->
  <testcase name="testUserMailId" time="0.0" classname="com.naukri.qa.testcases.HomePageTest">
    <skipped/>
  </testcase> <!-- testUserMailId -->
</testsuite> <!-- Naukri FF -->
