<?xml version="1.0" encoding="UTF-8"?>
<!-- Generated by org.testng.reporters.JUnitXMLReporter -->
<testsuite hostname="DESKTOP-PV3BTGR" ignored="0" name="Naukri_TestSuite_Chrome" tests="3" failures="0" timestamp="2020-04-10T21:36:14 IST" time="50.806" errors="0">
  <testcase name="testLoginPageTitleTest" time="0.03" classname="com.naukri.qa.testcases.LoginPageTest"/>
  <testcase name="testMonsterImage" time="0.085" classname="com.naukri.qa.testcases.LoginPageTest"/>
  <testcase name="testLoginFunctionality" time="2.127" classname="com.naukri.qa.testcases.LoginPageTest"/>
</testsuite> <!-- Naukri_TestSuite_Chrome -->
